[1.451s] DEBUG:colcon:Command line arguments: ['/usr/bin/colcon', 'build', '--packages-select', 'logistics_pkg']
[1.453s] DEBUG:colcon:Parsed command line arguments: Namespace(log_base=None, log_level=None, verb_name='build', build_base='build', install_base='install', merge_install=False, symlink_install=False, test_result_base=None, continue_on_error=False, executor='parallel', parallel_workers=4, event_handlers=None, ignore_user_meta=False, metas=['./colcon.meta'], base_paths=['.'], packages_ignore=None, packages_ignore_regex=None, paths=None, packages_up_to=None, packages_up_to_regex=None, packages_above=None, packages_above_and_dependencies=None, packages_above_depth=None, packages_select_by_dep=None, packages_skip_by_dep=None, packages_skip_up_to=None, packages_select_build_failed=False, packages_skip_build_finished=False, packages_select_test_failures=False, packages_skip_test_passed=False, packages_select=['logistics_pkg'], packages_skip=None, packages_select_regex=None, packages_skip_regex=None, packages_start=None, packages_end=None, allow_overriding=[], cmake_args=None, cmake_target=None, cmake_target_skip_unavailable=False, cmake_clean_cache=False, cmake_clean_first=False, cmake_force_configure=False, ament_cmake_args=None, catkin_cmake_args=None, catkin_skip_building_tests=False, mixin_files=None, mixin=None, verb_parser=<colcon_mixin.mixin.mixin_argument.MixinArgumentDecorator object at 0xffffa412e590>, verb_extension=<colcon_core.verb.build.BuildVerb object at 0xffffa42c7580>, main=<bound method BuildVerb.main of <colcon_core.verb.build.BuildVerb object at 0xffffa42c7580>>, mixin_verb=('build',))
[3.928s] Level 1:colcon.colcon_core.package_discovery:discover_packages(colcon_meta) check parameters
[3.929s] Level 1:colcon.colcon_core.package_discovery:discover_packages(recursive) check parameters
[3.929s] Level 1:colcon.colcon_core.package_discovery:discover_packages(ignore) check parameters
[3.929s] Level 1:colcon.colcon_core.package_discovery:discover_packages(path) check parameters
[3.930s] Level 1:colcon.colcon_core.package_discovery:discover_packages(colcon_meta) discover
[3.930s] Level 1:colcon.colcon_core.package_discovery:discover_packages(recursive) discover
[3.930s] INFO:colcon.colcon_core.package_discovery:Crawling recursively for packages in '/home/ubuntu/turtlebot3_ws/src/logistics_pkg/src'
[3.931s] Level 1:colcon.colcon_core.package_identification:_identify(.) by extensions ['ignore', 'ignore_ament_install']
[3.932s] Level 1:colcon.colcon_core.package_identification:_identify(.) by extension 'ignore'
[3.933s] Level 1:colcon.colcon_core.package_identification:_identify(.) by extension 'ignore_ament_install'
[3.933s] Level 1:colcon.colcon_core.package_identification:_identify(.) by extensions ['colcon_pkg']
[3.933s] Level 1:colcon.colcon_core.package_identification:_identify(.) by extension 'colcon_pkg'
[3.934s] Level 1:colcon.colcon_core.package_identification:_identify(.) by extensions ['colcon_meta']
[3.934s] Level 1:colcon.colcon_core.package_identification:_identify(.) by extension 'colcon_meta'
[3.934s] Level 1:colcon.colcon_core.package_identification:_identify(.) by extensions ['ros']
[3.934s] Level 1:colcon.colcon_core.package_identification:_identify(.) by extension 'ros'
[4.085s] Level 1:colcon.colcon_core.package_identification:_identify(.) by extensions ['cmake', 'python']
[4.086s] Level 1:colcon.colcon_core.package_identification:_identify(.) by extension 'cmake'
[4.086s] Level 1:colcon.colcon_core.package_identification:_identify(.) by extension 'python'
[4.087s] Level 1:colcon.colcon_core.package_identification:_identify(.) by extensions ['python_setup_py']
[4.087s] Level 1:colcon.colcon_core.package_identification:_identify(.) by extension 'python_setup_py'
[4.088s] Level 1:colcon.colcon_core.package_identification:_identify(build) by extensions ['ignore', 'ignore_ament_install']
[4.089s] Level 1:colcon.colcon_core.package_identification:_identify(build) by extension 'ignore'
[4.089s] Level 1:colcon.colcon_core.package_identification:_identify(build) ignored
[4.090s] Level 1:colcon.colcon_core.package_identification:_identify(install) by extensions ['ignore', 'ignore_ament_install']
[4.091s] Level 1:colcon.colcon_core.package_identification:_identify(install) by extension 'ignore'
[4.091s] Level 1:colcon.colcon_core.package_identification:_identify(install) ignored
[4.092s] Level 1:colcon.colcon_core.package_identification:_identify(log) by extensions ['ignore', 'ignore_ament_install']
[4.093s] Level 1:colcon.colcon_core.package_identification:_identify(log) by extension 'ignore'
[4.093s] Level 1:colcon.colcon_core.package_identification:_identify(log) ignored
[4.094s] Level 1:colcon.colcon_core.package_discovery:discover_packages(recursive) using defaults
[4.094s] Level 1:colcon.colcon_core.package_discovery:discover_packages(ignore) discover
[4.095s] Level 1:colcon.colcon_core.package_discovery:discover_packages(ignore) using defaults
[4.095s] Level 1:colcon.colcon_core.package_discovery:discover_packages(path) discover
[4.095s] Level 1:colcon.colcon_core.package_discovery:discover_packages(path) using defaults
[4.096s] WARNING:colcon.colcon_core.package_selection:ignoring unknown package 'logistics_pkg' in --packages-select
[4.321s] Level 1:colcon.colcon_core.package_discovery:discover_packages(prefix_path) check parameters
[4.321s] Level 1:colcon.colcon_core.package_discovery:discover_packages(prefix_path) discover
[4.375s] DEBUG:colcon.colcon_installed_package_information.package_discovery:Found 17 installed packages in /home/ubuntu/turtlebot3_ws/install
[4.388s] DEBUG:colcon.colcon_installed_package_information.package_discovery:Found 261 installed packages in /opt/ros/humble
[4.408s] Level 1:colcon.colcon_core.package_discovery:discover_packages(prefix_path) using defaults
[4.960s] INFO:colcon.colcon_core.executor:Executing jobs using 'parallel' executor
[4.965s] DEBUG:colcon.colcon_parallel_executor.executor.parallel:run_until_complete
[4.966s] DEBUG:colcon.colcon_parallel_executor.executor.parallel:closing loop
[4.967s] DEBUG:colcon.colcon_parallel_executor.executor.parallel:loop closed
[4.967s] DEBUG:colcon.colcon_parallel_executor.executor.parallel:run_until_complete finished with '0'
[4.968s] DEBUG:colcon.colcon_core.event_reactor:joining thread
[5.024s] INFO:colcon.colcon_core.plugin_system:Skipping extension 'colcon_notification.desktop_notification.notify_send': Could not find 'notify-send'
[5.025s] INFO:colcon.colcon_core.plugin_system:Skipping extension 'colcon_notification.desktop_notification.terminal_notifier': Not used on non-Darwin systems
[5.026s] INFO:colcon.colcon_core.plugin_system:Skipping extension 'colcon_notification.desktop_notification.win32': Not used on non-Windows systems
[5.027s] INFO:colcon.colcon_notification.desktop_notification:Sending desktop notification using 'notify2'
[5.035s] DEBUG:colcon.colcon_notification.desktop_notification.notify2:Failed to initialize notify2: org.freedesktop.DBus.Error.ServiceUnknown: The name org.freedesktop.Notifications was not provided by any .service files
[5.035s] DEBUG:colcon.colcon_core.event_reactor:joined thread
[5.087s] INFO:colcon.colcon_core.plugin_system:Skipping extension 'colcon_core.shell.bat': Not used on non-Windows systems
[5.088s] INFO:colcon.colcon_core.shell:Creating prefix script '/home/ubuntu/turtlebot3_ws/src/logistics_pkg/src/install/local_setup.ps1'
[5.096s] INFO:colcon.colcon_core.shell:Creating prefix util module '/home/ubuntu/turtlebot3_ws/src/logistics_pkg/src/install/_local_setup_util_ps1.py'
[5.107s] INFO:colcon.colcon_core.shell:Creating prefix chain script '/home/ubuntu/turtlebot3_ws/src/logistics_pkg/src/install/setup.ps1'
[5.121s] INFO:colcon.colcon_core.shell:Creating prefix script '/home/ubuntu/turtlebot3_ws/src/logistics_pkg/src/install/local_setup.sh'
[5.131s] INFO:colcon.colcon_core.shell:Creating prefix util module '/home/ubuntu/turtlebot3_ws/src/logistics_pkg/src/install/_local_setup_util_sh.py'
[5.135s] INFO:colcon.colcon_core.shell:Creating prefix chain script '/home/ubuntu/turtlebot3_ws/src/logistics_pkg/src/install/setup.sh'
[5.162s] INFO:colcon.colcon_core.shell:Creating prefix script '/home/ubuntu/turtlebot3_ws/src/logistics_pkg/src/install/local_setup.bash'
[5.183s] INFO:colcon.colcon_core.shell:Creating prefix chain script '/home/ubuntu/turtlebot3_ws/src/logistics_pkg/src/install/setup.bash'
[5.205s] INFO:colcon.colcon_core.shell:Creating prefix script '/home/ubuntu/turtlebot3_ws/src/logistics_pkg/src/install/local_setup.zsh'
[5.220s] INFO:colcon.colcon_core.shell:Creating prefix chain script '/home/ubuntu/turtlebot3_ws/src/logistics_pkg/src/install/setup.zsh'
